2018-05-29 21:19:49 - Starting RepayCalculatorApplication on Divya-PC with PID 7964 (E:\MyWorkSpace\repay-calculator\target\classes started by Divya in E:\MyWorkSpace\repay-calculator)
2018-05-29 21:19:49 - Running with Spring Boot v2.0.2.RELEASE, Spring v5.0.6.RELEASE
2018-05-29 21:19:49 - No active profile set, falling back to default profiles: default
2018-05-29 21:19:49 - Refreshing org.springframework.boot.web.servlet.context.AnnotationConfigServletWebServerApplicationContext@72f926e6: startup date [Tue May 29 21:19:49 IST 2018]; root of context hierarchy
2018-05-29 21:19:51 - Bean 'org.springframework.transaction.annotation.ProxyTransactionManagementConfiguration' of type [org.springframework.transaction.annotation.ProxyTransactionManagementConfiguration$$EnhancerBySpringCGLIB$$8fc8517c] is not eligible for getting processed by all BeanPostProcessors (for example: not eligible for auto-proxying)
2018-05-29 21:19:52 - Tomcat initialized with port(s): 8080 (http)
2018-05-29 21:19:52 - Initializing ProtocolHandler ["http-nio-8080"]
2018-05-29 21:19:52 - Starting service [Tomcat]
2018-05-29 21:19:52 - Starting Servlet Engine: Apache Tomcat/8.5.31
2018-05-29 21:19:52 - The APR based Apache Tomcat Native library which allows optimal performance in production environments was not found on the java.library.path: [C:\Program Files\Java\jdk1.8.0_161\bin;C:\WINDOWS\Sun\Java\bin;C:\WINDOWS\system32;C:\WINDOWS;C:\Program Files (x86)\Common Files\Oracle\Java\javapath;C:\ProgramData\Oracle\Java\javapath;C:\Program Files (x86)\Intel\iCLS Client\;C:\Program Files\Intel\iCLS Client\;C:\WINDOWS\system32;C:\WINDOWS;C:\WINDOWS\System32\Wbem;C:\WINDOWS\System32\WindowsPowerShell\v1.0\;C:\Program Files (x86)\Intel\OpenCL SDK\2.0\bin\x86;C:\Program Files (x86)\Intel\OpenCL SDK\2.0\bin\x64;C:\Program Files\Intel\Intel(R) Management Engine Components\DAL;C:\Program Files\Intel\Intel(R) Management Engine Components\IPT;C:\Program Files (x86)\Intel\Intel(R) Management Engine Components\DAL;C:\Program Files (x86)\Intel\Intel(R) Management Engine Components\IPT;C:\Users\Divya\AppData\Roaming\Cloud Foundry;C:\Program Files\nodejs\;C:\WINDOWS\System32\OpenSSH\;C:\Users\Divya\AppData\Local\Microsoft\WindowsApps;C:\Program Files\Java\jdk1.8.0_161\bin;C:\Program Files\Java\jdk1.8.0_161\jre\lib;C:\Users\Divya\AppData\Roaming\npm;;.]
2018-05-29 21:19:52 - Initializing Spring embedded WebApplicationContext
2018-05-29 21:19:52 - Root WebApplicationContext: initialization completed in 3083 ms
2018-05-29 21:19:52 - Servlet dispatcherServlet mapped to [/]
2018-05-29 21:19:52 - Mapping filter: 'characterEncodingFilter' to: [/*]
2018-05-29 21:19:52 - Mapping filter: 'hiddenHttpMethodFilter' to: [/*]
2018-05-29 21:19:52 - Mapping filter: 'httpPutFormContentFilter' to: [/*]
2018-05-29 21:19:52 - Mapping filter: 'requestContextFilter' to: [/*]
2018-05-29 21:19:53 - HikariPool-1 - Starting...
2018-05-29 21:19:53 - HikariPool-1 - Start completed.
2018-05-29 21:19:53 - Building JPA container EntityManagerFactory for persistence unit 'default'
2018-05-29 21:19:53 - HHH000204: Processing PersistenceUnitInfo [
	name: default
	...]
2018-05-29 21:19:53 - HHH000412: Hibernate Core {5.2.17.Final}
2018-05-29 21:19:53 - HHH000206: hibernate.properties not found
2018-05-29 21:19:53 - HCANN000001: Hibernate Commons Annotations {5.0.1.Final}
2018-05-29 21:19:53 - HHH000400: Using dialect: org.hibernate.dialect.H2Dialect
2018-05-29 21:19:54 - HHH000476: Executing import script 'org.hibernate.tool.schema.internal.exec.ScriptSourceInputNonExistentImpl@1bb15351'
2018-05-29 21:19:54 - Initialized JPA EntityManagerFactory for persistence unit 'default'
2018-05-29 21:19:55 - Mapped URL path [/**/favicon.ico] onto handler of type [class org.springframework.web.servlet.resource.ResourceHttpRequestHandler]
2018-05-29 21:19:55 - Looking for @ControllerAdvice: org.springframework.boot.web.servlet.context.AnnotationConfigServletWebServerApplicationContext@72f926e6: startup date [Tue May 29 21:19:49 IST 2018]; root of context hierarchy
2018-05-29 21:19:55 - spring.jpa.open-in-view is enabled by default. Therefore, database queries may be performed during view rendering. Explicitly configure spring.jpa.open-in-view to disable this warning
2018-05-29 21:19:55 - Mapped "{[/api/repay/calculate],methods=[POST]}" onto public com.suncorp.repaycalculator.response.RepayCalcResponse com.suncorp.repaycalculator.controller.RepayCalController.calculateRepayment(com.suncorp.repaycalculator.request.RepayCalcRequest)
2018-05-29 21:19:55 - Mapped "{[/api/repay/loanPurpose],methods=[GET]}" onto public java.util.List<com.suncorp.repaycalculator.dto.CommonCodeMapBean> com.suncorp.repaycalculator.controller.RepayCalController.getLoanPurposeDropDown()
2018-05-29 21:19:55 - Mapped "{[/api/repay/loanPeriod],methods=[GET]}" onto public java.util.List<com.suncorp.repaycalculator.dto.CommonCodeMapBean> com.suncorp.repaycalculator.controller.RepayCalController.getLoanPeriodDropDown()
2018-05-29 21:19:55 - Mapped "{[/api/repay/loanTypes],methods=[GET]}" onto public java.util.List<com.suncorp.repaycalculator.dto.CommonCodeMapBean> com.suncorp.repaycalculator.controller.RepayCalController.getLoanTypeDropDown()
2018-05-29 21:19:55 - Mapped "{[/error]}" onto public org.springframework.http.ResponseEntity<java.util.Map<java.lang.String, java.lang.Object>> org.springframework.boot.autoconfigure.web.servlet.error.BasicErrorController.error(javax.servlet.http.HttpServletRequest)
2018-05-29 21:19:55 - Mapped "{[/error],produces=[text/html]}" onto public org.springframework.web.servlet.ModelAndView org.springframework.boot.autoconfigure.web.servlet.error.BasicErrorController.errorHtml(javax.servlet.http.HttpServletRequest,javax.servlet.http.HttpServletResponse)
2018-05-29 21:19:55 - Mapped URL path [/webjars/**] onto handler of type [class org.springframework.web.servlet.resource.ResourceHttpRequestHandler]
2018-05-29 21:19:55 - Mapped URL path [/**] onto handler of type [class org.springframework.web.servlet.resource.ResourceHttpRequestHandler]
2018-05-29 21:19:55 - Registering beans for JMX exposure on startup
2018-05-29 21:19:55 - Bean with name 'dataSource' has been autodetected for JMX exposure
2018-05-29 21:19:56 - Located MBean 'dataSource': registering with JMX server as MBean [com.zaxxer.hikari:name=dataSource,type=HikariDataSource]
2018-05-29 21:19:56 - Starting ProtocolHandler ["http-nio-8080"]
2018-05-29 21:19:56 - Using a shared selector for servlet write/read
2018-05-29 21:19:56 - Tomcat started on port(s): 8080 (http) with context path ''
2018-05-29 21:19:56 - Started RepayCalculatorApplication in 7.714 seconds (JVM running for 12.867)
2018-05-29 21:20:45 - Initializing Spring FrameworkServlet 'dispatcherServlet'
2018-05-29 21:20:45 - FrameworkServlet 'dispatcherServlet': initialization started
2018-05-29 21:20:45 - FrameworkServlet 'dispatcherServlet': initialization completed in 220 ms
2018-05-29 21:20:45 - Populating Loan Type dropdown start
2018-05-29 21:20:45 - Populating Loan Type dropdown end
2018-05-29 21:24:22 - Starting RepayCalculatorApplication on Divya-PC with PID 6296 (E:\MyWorkSpace\repay-calculator\target\classes started by Divya in E:\MyWorkSpace\repay-calculator)
2018-05-29 21:24:22 - Running with Spring Boot v2.0.2.RELEASE, Spring v5.0.6.RELEASE
2018-05-29 21:24:22 - No active profile set, falling back to default profiles: default
2018-05-29 21:24:22 - Refreshing org.springframework.boot.web.servlet.context.AnnotationConfigServletWebServerApplicationContext@41e36e46: startup date [Tue May 29 21:24:22 IST 2018]; root of context hierarchy
2018-05-29 21:24:24 - Bean 'org.springframework.transaction.annotation.ProxyTransactionManagementConfiguration' of type [org.springframework.transaction.annotation.ProxyTransactionManagementConfiguration$$EnhancerBySpringCGLIB$$cae11407] is not eligible for getting processed by all BeanPostProcessors (for example: not eligible for auto-proxying)
2018-05-29 21:24:24 - Tomcat initialized with port(s): 8080 (http)
2018-05-29 21:24:24 - Initializing ProtocolHandler ["http-nio-8080"]
2018-05-29 21:24:24 - Starting service [Tomcat]
2018-05-29 21:24:24 - Starting Servlet Engine: Apache Tomcat/8.5.31
2018-05-29 21:24:24 - The APR based Apache Tomcat Native library which allows optimal performance in production environments was not found on the java.library.path: [C:\Program Files\Java\jdk1.8.0_161\bin;C:\WINDOWS\Sun\Java\bin;C:\WINDOWS\system32;C:\WINDOWS;C:\Program Files (x86)\Common Files\Oracle\Java\javapath;C:\ProgramData\Oracle\Java\javapath;C:\Program Files (x86)\Intel\iCLS Client\;C:\Program Files\Intel\iCLS Client\;C:\WINDOWS\system32;C:\WINDOWS;C:\WINDOWS\System32\Wbem;C:\WINDOWS\System32\WindowsPowerShell\v1.0\;C:\Program Files (x86)\Intel\OpenCL SDK\2.0\bin\x86;C:\Program Files (x86)\Intel\OpenCL SDK\2.0\bin\x64;C:\Program Files\Intel\Intel(R) Management Engine Components\DAL;C:\Program Files\Intel\Intel(R) Management Engine Components\IPT;C:\Program Files (x86)\Intel\Intel(R) Management Engine Components\DAL;C:\Program Files (x86)\Intel\Intel(R) Management Engine Components\IPT;C:\Users\Divya\AppData\Roaming\Cloud Foundry;C:\Program Files\nodejs\;C:\WINDOWS\System32\OpenSSH\;C:\Users\Divya\AppData\Local\Microsoft\WindowsApps;C:\Program Files\Java\jdk1.8.0_161\bin;C:\Program Files\Java\jdk1.8.0_161\jre\lib;C:\Users\Divya\AppData\Roaming\npm;;.]
2018-05-29 21:24:24 - Initializing Spring embedded WebApplicationContext
2018-05-29 21:24:24 - Root WebApplicationContext: initialization completed in 2429 ms
2018-05-29 21:24:25 - Servlet dispatcherServlet mapped to [/]
2018-05-29 21:24:25 - Mapping filter: 'characterEncodingFilter' to: [/*]
2018-05-29 21:24:25 - Mapping filter: 'hiddenHttpMethodFilter' to: [/*]
2018-05-29 21:24:25 - Mapping filter: 'httpPutFormContentFilter' to: [/*]
2018-05-29 21:24:25 - Mapping filter: 'requestContextFilter' to: [/*]
2018-05-29 21:24:25 - HikariPool-1 - Starting...
2018-05-29 21:24:25 - HikariPool-1 - Start completed.
2018-05-29 21:24:25 - Building JPA container EntityManagerFactory for persistence unit 'default'
2018-05-29 21:24:25 - HHH000204: Processing PersistenceUnitInfo [
	name: default
	...]
2018-05-29 21:24:26 - HHH000412: Hibernate Core {5.2.17.Final}
2018-05-29 21:24:26 - HHH000206: hibernate.properties not found
2018-05-29 21:24:26 - HCANN000001: Hibernate Commons Annotations {5.0.1.Final}
2018-05-29 21:24:26 - HHH000400: Using dialect: org.hibernate.dialect.H2Dialect
2018-05-29 21:24:26 - HHH000476: Executing import script 'org.hibernate.tool.schema.internal.exec.ScriptSourceInputNonExistentImpl@7add838c'
2018-05-29 21:24:26 - Initialized JPA EntityManagerFactory for persistence unit 'default'
2018-05-29 21:24:27 - Mapped URL path [/**/favicon.ico] onto handler of type [class org.springframework.web.servlet.resource.ResourceHttpRequestHandler]
2018-05-29 21:24:27 - Looking for @ControllerAdvice: org.springframework.boot.web.servlet.context.AnnotationConfigServletWebServerApplicationContext@41e36e46: startup date [Tue May 29 21:24:22 IST 2018]; root of context hierarchy
2018-05-29 21:24:27 - spring.jpa.open-in-view is enabled by default. Therefore, database queries may be performed during view rendering. Explicitly configure spring.jpa.open-in-view to disable this warning
2018-05-29 21:24:27 - Mapped "{[/api/repay/calculate],methods=[POST]}" onto public com.suncorp.repaycalculator.response.RepayCalcResponse com.suncorp.repaycalculator.controller.RepayCalController.calculateRepayment(com.suncorp.repaycalculator.request.RepayCalcRequest)
2018-05-29 21:24:27 - Mapped "{[/api/repay/loanPeriod],methods=[GET]}" onto public java.util.List<com.suncorp.repaycalculator.dto.CommonCodeMapBean> com.suncorp.repaycalculator.controller.RepayCalController.getLoanPeriodDropDown()
2018-05-29 21:24:27 - Mapped "{[/api/repay/loanPurpose],methods=[GET]}" onto public java.util.List<com.suncorp.repaycalculator.dto.CommonCodeMapBean> com.suncorp.repaycalculator.controller.RepayCalController.getLoanPurposeDropDown()
2018-05-29 21:24:27 - Mapped "{[/api/repay/loanTypes],methods=[GET]}" onto public java.util.List<com.suncorp.repaycalculator.dto.CommonCodeMapBean> com.suncorp.repaycalculator.controller.RepayCalController.getLoanTypeDropDown()
2018-05-29 21:24:27 - Mapped "{[/error]}" onto public org.springframework.http.ResponseEntity<java.util.Map<java.lang.String, java.lang.Object>> org.springframework.boot.autoconfigure.web.servlet.error.BasicErrorController.error(javax.servlet.http.HttpServletRequest)
2018-05-29 21:24:27 - Mapped "{[/error],produces=[text/html]}" onto public org.springframework.web.servlet.ModelAndView org.springframework.boot.autoconfigure.web.servlet.error.BasicErrorController.errorHtml(javax.servlet.http.HttpServletRequest,javax.servlet.http.HttpServletResponse)
2018-05-29 21:24:27 - Mapped URL path [/webjars/**] onto handler of type [class org.springframework.web.servlet.resource.ResourceHttpRequestHandler]
2018-05-29 21:24:27 - Mapped URL path [/**] onto handler of type [class org.springframework.web.servlet.resource.ResourceHttpRequestHandler]
2018-05-29 21:24:27 - Registering beans for JMX exposure on startup
2018-05-29 21:24:27 - Bean with name 'dataSource' has been autodetected for JMX exposure
2018-05-29 21:24:27 - Located MBean 'dataSource': registering with JMX server as MBean [com.zaxxer.hikari:name=dataSource,type=HikariDataSource]
2018-05-29 21:24:27 - Starting ProtocolHandler ["http-nio-8080"]
2018-05-29 21:24:27 - Using a shared selector for servlet write/read
2018-05-29 21:24:27 - Tomcat started on port(s): 8080 (http) with context path ''
2018-05-29 21:24:27 - Started RepayCalculatorApplication in 6.522 seconds (JVM running for 8.335)
2018-05-29 21:24:58 - Initializing Spring FrameworkServlet 'dispatcherServlet'
2018-05-29 21:24:58 - FrameworkServlet 'dispatcherServlet': initialization started
2018-05-29 21:24:58 - FrameworkServlet 'dispatcherServlet': initialization completed in 21 ms
2018-05-29 21:24:58 - Calculating Repayment start
2018-05-29 21:24:58 - Calculating Repayment end
